1549388048095	mozrunner::runner	INFO	Running command: "/usr/bin/firefox" "-marionette" "-foreground" "-no-remote" "-profile" "/tmp/rust_mozprofile.cG6fY6B3mZHV"
1549388048811	addons.webextension.screenshots@mozilla.org	WARN	Loading extension 'screenshots@mozilla.org': Reading manifest: Invalid host permission: resource://pdf.js/
1549388048811	addons.webextension.screenshots@mozilla.org	WARN	Loading extension 'screenshots@mozilla.org': Reading manifest: Invalid host permission: about:reader*
1549388051332	Marionette	INFO	Listening on port 42081
1549388051428	Marionette	WARN	TLS certificate errors will be ignored for this session
JavaScript warning: https://web.telegram.org/js/app.js, line 20: TypeError: asm.js type error: duplicate name 'n' not allowed
JavaScript warning: https://web.telegram.org/js/app.js, line 31: TypeError: asm.js type error: numeric literal out of representable integer range
JavaScript warning: https://web.telegram.org/js/app.js, line 36: TypeError: asm.js type error: fixnum is not a subtype of double? or floatish
JavaScript warning: https://web.telegram.org/js/app.js, line 53: TypeError: asm.js type error: double is not a subtype of int
JavaScript warning: https://web.telegram.org/js/app.js, line 20: TypeError: asm.js type error: duplicate name 'n' not allowed
JavaScript warning: https://web.telegram.org/js/app.js, line 31: TypeError: asm.js type error: numeric literal out of representable integer range
JavaScript warning: https://web.telegram.org/js/app.js, line 36: TypeError: asm.js type error: fixnum is not a subtype of double? or floatish
JavaScript warning: https://web.telegram.org/js/app.js, line 53: TypeError: asm.js type error: double is not a subtype of int
[Parent 15621, Gecko_IOThread] WARNING: pipe error (151): Connection reset by peer: file /build/firefox-HN7tk_/firefox-65.0+build2/ipc/chromium/src/chrome/common/ipc_channel_posix.cc, line 349
[Parent 15621, Gecko_IOThread] WARNING: pipe error (79): Connection reset by peer: file /build/firefox-HN7tk_/firefox-65.0+build2/ipc/chromium/src/chrome/common/ipc_channel_posix.cc, line 349
1549388102918	Marionette	INFO	Stopped listening on port 42081
1549388106469	mozrunner::runner	INFO	Running command: "/usr/bin/firefox" "-marionette" "-foreground" "-no-remote" "-profile" "/tmp/rust_mozprofile.sGsy32IX7Ela"
1549388106981	addons.webextension.screenshots@mozilla.org	WARN	Loading extension 'screenshots@mozilla.org': Reading manifest: Invalid host permission: resource://pdf.js/
1549388106982	addons.webextension.screenshots@mozilla.org	WARN	Loading extension 'screenshots@mozilla.org': Reading manifest: Invalid host permission: about:reader*
1549388108862	Marionette	INFO	Listening on port 42111
1549388108907	Marionette	WARN	TLS certificate errors will be ignored for this session
JavaScript warning: https://web.telegram.org/js/app.js, line 20: TypeError: asm.js type error: duplicate name 'n' not allowed
JavaScript warning: https://web.telegram.org/js/app.js, line 31: TypeError: asm.js type error: numeric literal out of representable integer range
JavaScript warning: https://web.telegram.org/js/app.js, line 36: TypeError: asm.js type error: fixnum is not a subtype of double? or floatish
JavaScript warning: https://web.telegram.org/js/app.js, line 53: TypeError: asm.js type error: double is not a subtype of int
JavaScript warning: https://web.telegram.org/js/app.js, line 20: TypeError: asm.js type error: duplicate name 'n' not allowed
JavaScript warning: https://web.telegram.org/js/app.js, line 31: TypeError: asm.js type error: numeric literal out of representable integer range
JavaScript warning: https://web.telegram.org/js/app.js, line 36: TypeError: asm.js type error: fixnum is not a subtype of double? or floatish
JavaScript warning: https://web.telegram.org/js/app.js, line 53: TypeError: asm.js type error: double is not a subtype of int

###!!! [Parent][MessageChannel] Error: (msgtype=0x1B0011,name=PBackgroundStorage::Msg_Observe) Channel error: cannot send/recv

1549388145046	Marionette	INFO	Stopped listening on port 42111
1549392185055	mozrunner::runner	INFO	Running command: "/usr/bin/firefox" "-marionette" "-foreground" "-no-remote" "-profile" "/tmp/rust_mozprofile.0gxkvaN06QH5"
1549392185579	addons.webextension.screenshots@mozilla.org	WARN	Loading extension 'screenshots@mozilla.org': Reading manifest: Invalid host permission: resource://pdf.js/
1549392185580	addons.webextension.screenshots@mozilla.org	WARN	Loading extension 'screenshots@mozilla.org': Reading manifest: Invalid host permission: about:reader*
1549392187581	Marionette	INFO	Listening on port 40507
1549392187679	Marionette	WARN	TLS certificate errors will be ignored for this session
JavaScript warning: https://web.telegram.org/js/app.js, line 20: TypeError: asm.js type error: duplicate name 'n' not allowed
JavaScript warning: https://web.telegram.org/js/app.js, line 31: TypeError: asm.js type error: numeric literal out of representable integer range
JavaScript warning: https://web.telegram.org/js/app.js, line 36: TypeError: asm.js type error: fixnum is not a subtype of double? or floatish
JavaScript warning: https://web.telegram.org/js/app.js, line 53: TypeError: asm.js type error: double is not a subtype of int
JavaScript warning: https://web.telegram.org/js/app.js, line 20: TypeError: asm.js type error: duplicate name 'n' not allowed
JavaScript warning: https://web.telegram.org/js/app.js, line 31: TypeError: asm.js type error: numeric literal out of representable integer range
JavaScript warning: https://web.telegram.org/js/app.js, line 36: TypeError: asm.js type error: fixnum is not a subtype of double? or floatish
JavaScript warning: https://web.telegram.org/js/app.js, line 53: TypeError: asm.js type error: double is not a subtype of int

###!!! [Child][RunMessage] Error: Channel closing: too late to send/recv, messages will be lost

[Parent 22377, Gecko_IOThread] WARNING: pipe error (87): Connection reset by peer: file /build/firefox-HN7tk_/firefox-65.0+build2/ipc/chromium/src/chrome/common/ipc_channel_posix.cc, line 349
1549392223949	Marionette	INFO	Stopped listening on port 40507
1549392896286	mozrunner::runner	INFO	Running command: "/usr/bin/firefox" "-marionette" "-foreground" "-no-remote" "-profile" "/tmp/rust_mozprofile.AzjbykaP2JlD"
1549392896797	addons.webextension.screenshots@mozilla.org	WARN	Loading extension 'screenshots@mozilla.org': Reading manifest: Invalid host permission: resource://pdf.js/
1549392896797	addons.webextension.screenshots@mozilla.org	WARN	Loading extension 'screenshots@mozilla.org': Reading manifest: Invalid host permission: about:reader*
1549392898664	Marionette	INFO	Listening on port 34979
1549392898714	Marionette	WARN	TLS certificate errors will be ignored for this session
JavaScript warning: https://web.telegram.org/js/app.js, line 20: TypeError: asm.js type error: duplicate name 'n' not allowed
JavaScript warning: https://web.telegram.org/js/app.js, line 31: TypeError: asm.js type error: numeric literal out of representable integer range
JavaScript warning: https://web.telegram.org/js/app.js, line 36: TypeError: asm.js type error: fixnum is not a subtype of double? or floatish
JavaScript warning: https://web.telegram.org/js/app.js, line 53: TypeError: asm.js type error: double is not a subtype of int
JavaScript warning: https://web.telegram.org/js/app.js, line 20: TypeError: asm.js type error: duplicate name 'n' not allowed
JavaScript warning: https://web.telegram.org/js/app.js, line 31: TypeError: asm.js type error: numeric literal out of representable integer range
JavaScript warning: https://web.telegram.org/js/app.js, line 36: TypeError: asm.js type error: fixnum is not a subtype of double? or floatish
JavaScript warning: https://web.telegram.org/js/app.js, line 53: TypeError: asm.js type error: double is not a subtype of int

###!!! [Child][RunMessage] Error: Channel closing: too late to send/recv, messages will be lost


###!!! [Child][RunMessage] Error: Channel closing: too late to send/recv, messages will be lost

1549392986984	Marionette	INFO	Stopped listening on port 34979
1549393207764	mozrunner::runner	INFO	Running command: "/usr/bin/firefox" "-marionette" "-foreground" "-no-remote" "-profile" "/tmp/rust_mozprofile.QYGVLiO5JCYw"
1549393208253	addons.webextension.screenshots@mozilla.org	WARN	Loading extension 'screenshots@mozilla.org': Reading manifest: Invalid host permission: resource://pdf.js/
1549393208253	addons.webextension.screenshots@mozilla.org	WARN	Loading extension 'screenshots@mozilla.org': Reading manifest: Invalid host permission: about:reader*
1549393210174	Marionette	INFO	Listening on port 46137
1549393210195	Marionette	WARN	TLS certificate errors will be ignored for this session
JavaScript warning: https://web.telegram.org/js/app.js, line 20: TypeError: asm.js type error: duplicate name 'n' not allowed
JavaScript warning: https://web.telegram.org/js/app.js, line 31: TypeError: asm.js type error: numeric literal out of representable integer range
JavaScript warning: https://web.telegram.org/js/app.js, line 36: TypeError: asm.js type error: fixnum is not a subtype of double? or floatish
JavaScript warning: https://web.telegram.org/js/app.js, line 53: TypeError: asm.js type error: double is not a subtype of int
JavaScript warning: https://web.telegram.org/js/app.js, line 20: TypeError: asm.js type error: duplicate name 'n' not allowed
JavaScript warning: https://web.telegram.org/js/app.js, line 31: TypeError: asm.js type error: numeric literal out of representable integer range
JavaScript warning: https://web.telegram.org/js/app.js, line 36: TypeError: asm.js type error: fixnum is not a subtype of double? or floatish
JavaScript warning: https://web.telegram.org/js/app.js, line 53: TypeError: asm.js type error: double is not a subtype of int
JavaScript warning: https://web.telegram.org/js/app.js, line 20: TypeError: asm.js type error: duplicate name 'n' not allowed
JavaScript warning: https://web.telegram.org/js/app.js, line 31: TypeError: asm.js type error: numeric literal out of representable integer range
JavaScript warning: https://web.telegram.org/js/app.js, line 36: TypeError: asm.js type error: fixnum is not a subtype of double? or floatish
JavaScript warning: https://web.telegram.org/js/app.js, line 53: TypeError: asm.js type error: double is not a subtype of int
[Parent 24507, Gecko_IOThread] WARNING: pipe error (98): Connection reset by peer: file /build/firefox-HN7tk_/firefox-65.0+build2/ipc/chromium/src/chrome/common/ipc_channel_posix.cc, line 349
[Parent 24507, Gecko_IOThread] WARNING: pipe error (79): Connection reset by peer: file /build/firefox-HN7tk_/firefox-65.0+build2/ipc/chromium/src/chrome/common/ipc_channel_posix.cc, line 349
1549393430700	Marionette	INFO	Stopped listening on port 46137
1549393451493	mozrunner::runner	INFO	Running command: "/usr/bin/firefox" "-marionette" "-foreground" "-no-remote" "-profile" "/tmp/rust_mozprofile.PedsSfVWk0P8"
1549393451994	addons.webextension.screenshots@mozilla.org	WARN	Loading extension 'screenshots@mozilla.org': Reading manifest: Invalid host permission: resource://pdf.js/
1549393451994	addons.webextension.screenshots@mozilla.org	WARN	Loading extension 'screenshots@mozilla.org': Reading manifest: Invalid host permission: about:reader*
1549393454483	Marionette	INFO	Listening on port 46761
1549393454529	Marionette	WARN	TLS certificate errors will be ignored for this session
JavaScript warning: https://web.telegram.org/js/app.js, line 20: TypeError: asm.js type error: duplicate name 'n' not allowed
JavaScript warning: https://web.telegram.org/js/app.js, line 31: TypeError: asm.js type error: numeric literal out of representable integer range
JavaScript warning: https://web.telegram.org/js/app.js, line 36: TypeError: asm.js type error: fixnum is not a subtype of double? or floatish
JavaScript warning: https://web.telegram.org/js/app.js, line 53: TypeError: asm.js type error: double is not a subtype of int
JavaScript warning: https://web.telegram.org/js/app.js, line 20: TypeError: asm.js type error: duplicate name 'n' not allowed
JavaScript warning: https://web.telegram.org/js/app.js, line 31: TypeError: asm.js type error: numeric literal out of representable integer range
JavaScript warning: https://web.telegram.org/js/app.js, line 36: TypeError: asm.js type error: fixnum is not a subtype of double? or floatish
JavaScript warning: https://web.telegram.org/js/app.js, line 53: TypeError: asm.js type error: double is not a subtype of int
[Parent 25192, Gecko_IOThread] WARNING: pipe error (79): Connection reset by peer: file /build/firefox-HN7tk_/firefox-65.0+build2/ipc/chromium/src/chrome/common/ipc_channel_posix.cc, line 349
[Parent 25192, Gecko_IOThread] WARNING: pipe error (96): Connection reset by peer: file /build/firefox-HN7tk_/firefox-65.0+build2/ipc/chromium/src/chrome/common/ipc_channel_posix.cc, line 349
1549393470715	Marionette	INFO	Stopped listening on port 46761
1549393489559	mozrunner::runner	INFO	Running command: "/usr/bin/firefox" "-marionette" "-foreground" "-no-remote" "-profile" "/tmp/rust_mozprofile.GugO5YPUQx7h"
1549393490093	addons.webextension.screenshots@mozilla.org	WARN	Loading extension 'screenshots@mozilla.org': Reading manifest: Invalid host permission: resource://pdf.js/
1549393490093	addons.webextension.screenshots@mozilla.org	WARN	Loading extension 'screenshots@mozilla.org': Reading manifest: Invalid host permission: about:reader*
1549393491966	Marionette	INFO	Listening on port 35947
1549393491978	Marionette	WARN	TLS certificate errors will be ignored for this session
JavaScript warning: https://web.telegram.org/js/app.js, line 20: TypeError: asm.js type error: duplicate name 'n' not allowed
JavaScript warning: https://web.telegram.org/js/app.js, line 31: TypeError: asm.js type error: numeric literal out of representable integer range
JavaScript warning: https://web.telegram.org/js/app.js, line 36: TypeError: asm.js type error: fixnum is not a subtype of double? or floatish
JavaScript warning: https://web.telegram.org/js/app.js, line 53: TypeError: asm.js type error: double is not a subtype of int
JavaScript warning: https://web.telegram.org/js/app.js, line 20: TypeError: asm.js type error: duplicate name 'n' not allowed
JavaScript warning: https://web.telegram.org/js/app.js, line 31: TypeError: asm.js type error: numeric literal out of representable integer range
JavaScript warning: https://web.telegram.org/js/app.js, line 36: TypeError: asm.js type error: fixnum is not a subtype of double? or floatish
JavaScript warning: https://web.telegram.org/js/app.js, line 53: TypeError: asm.js type error: double is not a subtype of int
console.error: BroadcastService: 
  receivedBroadcastMessage: handler for
  remote-settings/monitor_changes
  threw error:
  Message: Error: Polling for changes failed: NetworkError when attempting to fetch resource..
  Stack:
    remoteSettingsFunction/remoteSettings.pollChanges@resource://services-settings/remote-settings.js:188:13

[Parent 25582, Gecko_IOThread] WARNING: pipe error (82): Connection reset by peer: file /build/firefox-HN7tk_/firefox-65.0+build2/ipc/chromium/src/chrome/common/ipc_channel_posix.cc, line 349
[Parent 25582, Gecko_IOThread] WARNING: pipe error (154): Connection reset by peer: file /build/firefox-HN7tk_/firefox-65.0+build2/ipc/chromium/src/chrome/common/ipc_channel_posix.cc, line 349
[Parent 25582, Gecko_IOThread] WARNING: pipe error (79): Connection reset by peer: file /build/firefox-HN7tk_/firefox-65.0+build2/ipc/chromium/src/chrome/common/ipc_channel_posix.cc, line 349
1549393702519	Marionette	INFO	Stopped listening on port 35947
1549393757948	mozrunner::runner	INFO	Running command: "/usr/bin/firefox" "-marionette" "-foreground" "-no-remote" "-profile" "/tmp/rust_mozprofile.9PW4WE5LF71V"
1549393758452	addons.webextension.screenshots@mozilla.org	WARN	Loading extension 'screenshots@mozilla.org': Reading manifest: Invalid host permission: resource://pdf.js/
1549393758453	addons.webextension.screenshots@mozilla.org	WARN	Loading extension 'screenshots@mozilla.org': Reading manifest: Invalid host permission: about:reader*
1549393760429	Marionette	INFO	Listening on port 42315
1549393760480	Marionette	WARN	TLS certificate errors will be ignored for this session
JavaScript warning: https://web.telegram.org/js/app.js, line 20: TypeError: asm.js type error: duplicate name 'n' not allowed
JavaScript warning: https://web.telegram.org/js/app.js, line 31: TypeError: asm.js type error: numeric literal out of representable integer range
JavaScript warning: https://web.telegram.org/js/app.js, line 36: TypeError: asm.js type error: fixnum is not a subtype of double? or floatish
JavaScript warning: https://web.telegram.org/js/app.js, line 53: TypeError: asm.js type error: double is not a subtype of int
JavaScript warning: https://web.telegram.org/js/app.js, line 20: TypeError: asm.js type error: duplicate name 'n' not allowed
JavaScript warning: https://web.telegram.org/js/app.js, line 31: TypeError: asm.js type error: numeric literal out of representable integer range
JavaScript warning: https://web.telegram.org/js/app.js, line 36: TypeError: asm.js type error: fixnum is not a subtype of double? or floatish
JavaScript warning: https://web.telegram.org/js/app.js, line 53: TypeError: asm.js type error: double is not a subtype of int
console.error: BroadcastService: 
  receivedBroadcastMessage: handler for
  remote-settings/monitor_changes
  threw error:
  Message: Error: Polling for changes failed: NetworkError when attempting to fetch resource..
  Stack:
    remoteSettingsFunction/remoteSettings.pollChanges@resource://services-settings/remote-settings.js:188:13

[Parent 26420, Gecko_IOThread] WARNING: pipe error (79): Connection reset by peer: file /build/firefox-HN7tk_/firefox-65.0+build2/ipc/chromium/src/chrome/common/ipc_channel_posix.cc, line 349
1549394276763	Marionette	INFO	Stopped listening on port 42315
1549567575968	mozrunner::runner	INFO	Running command: "/usr/bin/firefox" "-marionette" "-foreground" "-no-remote" "-profile" "/tmp/rust_mozprofile.QbUirWAE0alK"
1549567576489	addons.webextension.screenshots@mozilla.org	WARN	Loading extension 'screenshots@mozilla.org': Reading manifest: Invalid host permission: resource://pdf.js/
1549567576490	addons.webextension.screenshots@mozilla.org	WARN	Loading extension 'screenshots@mozilla.org': Reading manifest: Invalid host permission: about:reader*
1549567578499	Marionette	INFO	Listening on port 39451
1549567578585	Marionette	WARN	TLS certificate errors will be ignored for this session
JavaScript warning: https://web.telegram.org/js/app.js, line 20: TypeError: asm.js type error: duplicate name 'n' not allowed
JavaScript warning: https://web.telegram.org/js/app.js, line 31: TypeError: asm.js type error: numeric literal out of representable integer range
JavaScript warning: https://web.telegram.org/js/app.js, line 36: TypeError: asm.js type error: fixnum is not a subtype of double? or floatish
JavaScript warning: https://web.telegram.org/js/app.js, line 53: TypeError: asm.js type error: double is not a subtype of int
JavaScript warning: https://web.telegram.org/js/app.js, line 20: TypeError: asm.js type error: duplicate name 'n' not allowed
JavaScript warning: https://web.telegram.org/js/app.js, line 31: TypeError: asm.js type error: numeric literal out of representable integer range
JavaScript warning: https://web.telegram.org/js/app.js, line 36: TypeError: asm.js type error: fixnum is not a subtype of double? or floatish
JavaScript warning: https://web.telegram.org/js/app.js, line 53: TypeError: asm.js type error: double is not a subtype of int
console.error: BroadcastService: 
  receivedBroadcastMessage: handler for
  remote-settings/monitor_changes
  threw error:
  Message: Error: Polling for changes failed: NetworkError when attempting to fetch resource..
  Stack:
    remoteSettingsFunction/remoteSettings.pollChanges@resource://services-settings/remote-settings.js:188:13

JavaScript warning: https://web.telegram.org/js/app.js, line 20: TypeError: asm.js type error: duplicate name 'n' not allowed
JavaScript warning: https://web.telegram.org/js/app.js, line 31: TypeError: asm.js type error: numeric literal out of representable integer range
JavaScript warning: https://web.telegram.org/js/app.js, line 36: TypeError: asm.js type error: fixnum is not a subtype of double? or floatish
JavaScript warning: https://web.telegram.org/js/app.js, line 53: TypeError: asm.js type error: double is not a subtype of int
[Parent 31586, Gecko_IOThread] WARNING: pipe error (171): Connection reset by peer: file /build/firefox-HN7tk_/firefox-65.0+build2/ipc/chromium/src/chrome/common/ipc_channel_posix.cc, line 349
[Parent 31586, Gecko_IOThread] WARNING: pipe error (79): Connection reset by peer: file /build/firefox-HN7tk_/firefox-65.0+build2/ipc/chromium/src/chrome/common/ipc_channel_posix.cc, line 349
[Parent 31586, Gecko_IOThread] WARNING: pipe error (62): Connection reset by peer: file /build/firefox-HN7tk_/firefox-65.0+build2/ipc/chromium/src/chrome/common/ipc_channel_posix.cc, line 349
1549567848721	Marionette	INFO	Stopped listening on port 39451
